SMTP ERROR: Failed to connect to server: Network is unreachable (101)SMTP connect() failed. https://github.com/PHPMailer/PHPMailer/wiki/TroubleshootingSMTP ERROR: Failed to connect to server: Network is unreachable (101)SMTP connect() failed. https://github.com/PHPMailer/PHPMailer/wiki/TroubleshootingSMTP ERROR: Failed to connect to server: Network is unreachable (101)SMTP connect() failed. https://github.com/PHPMailer/PHPMailer/wiki/TroubleshootingSMTP ERROR: Failed to connect to server: Network is unreachable (101)SMTP connect() failed. https://github.com/PHPMailer/PHPMailer/wiki/TroubleshootingSMTP ERROR: Failed to connect to server: Network is unreachable (101)SMTP connect() failed. https://github.com/PHPMailer/PHPMailer/wiki/TroubleshootingSMTP ERROR: Failed to connect to server: Network is unreachable (101)SMTP connect() failed. https://github.com/PHPMailer/PHPMailer/wiki/TroubleshootingSMTP ERROR: Failed to connect to server: Network is unreachable (101)SMTP connect() failed. https://github.com/PHPMailer/PHPMailer/wiki/TroubleshootingSERVER -> CLIENT: 220 smtp.gmail.com ESMTP v12sm15230550pga.51 - gsmtp
CLIENT -> SERVER: EHLO fune.cf
SERVER -> CLIENT: 250-smtp.gmail.com at your service, [103.97.125.254]
250-SIZE 35882577
250-8BITMIME
250-STARTTLS
250-ENHANCEDSTATUSCODES
250-PIPELINING
250-CHUNKING
250 SMTPUTF8
CLIENT -> SERVER: STARTTLS
SERVER -> CLIENT: 220 2.0.0 Ready to start TLS
CLIENT -> SERVER: EHLO fune.cf
SERVER -> CLIENT: 250-smtp.gmail.com at your service, [103.97.125.254]
250-SIZE 35882577
250-8BITMIME
250-AUTH LOGIN PLAIN XOAUTH2 PLAIN-CLIENTTOKEN OAUTHBEARER XOAUTH
250-ENHANCEDSTATUSCODES
250-PIPELINING
250-CHUNKING
250 SMTPUTF8
CLIENT -> SERVER: AUTH LOGIN
SERVER -> CLIENT: 334 VXNlcm5hbWU6
CLIENT -> SERVER: [credentials hidden]SERVER -> CLIENT: 334 UGFzc3dvcmQ6
CLIENT -> SERVER: [credentials hidden]SERVER -> CLIENT: 235 2.7.0 Accepted
CLIENT -> SERVER: MAIL FROM:<mail.fune.cf@gmail.com>
SERVER -> CLIENT: 250 2.1.0 OK v12sm15230550pga.51 - gsmtp
CLIENT -> SERVER: RCPT TO:<phuongdangkudo050224@gmail.com>
SERVER -> CLIENT: 250 2.1.5 OK v12sm15230550pga.51 - gsmtp
CLIENT -> SERVER: DATA
SERVER -> CLIENT: 354  Go ahead v12sm15230550pga.51 - gsmtp
CLIENT -> SERVER: Date: Mon, 20 Dec 2021 03:30:55 +0000
CLIENT -> SERVER: To: phuongdangkudo050224@gmail.com
CLIENT -> SERVER: From: FunE <mail.fune.cf@gmail.com>
CLIENT -> SERVER: Reply-To: FunE <mail.fune.cf@gmail.com>
CLIENT -> SERVER: Subject: FunE Activation
CLIENT -> SERVER: Message-ID: <8Vh65zbb7napggbSYQPJ5b84bHkzw6VlzIDk9AfqIU@fune.cf>
CLIENT -> SERVER: X-Mailer: PHPMailer 6.5.1 (https://github.com/PHPMailer/PHPMailer)
CLIENT -> SERVER: MIME-Version: 1.0
CLIENT -> SERVER: Content-Type: multipart/alternative;
CLIENT -> SERVER:  boundary="b1_8Vh65zbb7napggbSYQPJ5b84bHkzw6VlzIDk9AfqIU"
CLIENT -> SERVER: Content-Transfer-Encoding: 8bit
CLIENT -> SERVER: 
CLIENT -> SERVER: This is a multi-part message in MIME format.
CLIENT -> SERVER: 
CLIENT -> SERVER: --b1_8Vh65zbb7napggbSYQPJ5b84bHkzw6VlzIDk9AfqIU
CLIENT -> SERVER: Content-Type: text/plain; charset=us-ascii
CLIENT -> SERVER: 
CLIENT -> SERVER: Dear Client,
CLIENT -> SERVER: 
CLIENT -> SERVER: Thank you for registering with FunE.
CLIENT -> SERVER: 
CLIENT -> SERVER: To activate your account, please copy and paste the link below to your browser.
CLIENT -> SERVER: 
CLIENT -> SERVER: http://fune.cf/signup/activate.php?id=5ecef64df9d79cb161bff8eede288
CLIENT -> SERVER: 
CLIENT -> SERVER: Best regards
CLIENT -> SERVER: fune.cf
CLIENT -> SERVER: 
CLIENT -> SERVER: --b1_8Vh65zbb7napggbSYQPJ5b84bHkzw6VlzIDk9AfqIU
CLIENT -> SERVER: Content-Type: text/html; charset=us-ascii
CLIENT -> SERVER: 
CLIENT -> SERVER: Dear Client,<br><br>Thank you for registering with <a href='http://fune.cf' target='_blank'>FunE</a>.<br><br>Please click on the link below to activate your account. If the page does not display, you may copy and paste the link to your browser.<br><br><a href='http://fune.cf/signup/activate.php?id=5ecef64df9d79cb161bff8eede288' target='_blank'>http://fune.cf/signup/activate.php?id=5ecef64df9d79cb161bff8eede288</a><br><br>Best regards<br><a href='http://fune.cf' target='_blank'>FunE</a>
CLIENT -> SERVER: 
CLIENT -> SERVER: 
CLIENT -> SERVER: --b1_8Vh65zbb7napggbSYQPJ5b84bHkzw6VlzIDk9AfqIU--
CLIENT -> SERVER: 
CLIENT -> SERVER: .
SERVER -> CLIENT: 250 2.0.0 OK  1639971062 v12sm15230550pga.51 - gsmtp
CLIENT -> SERVER: QUIT
SERVER -> CLIENT: 221 2.0.0 closing connection v12sm15230550pga.51 - gsmtp
SERVER -> CLIENT: 220 smtp.gmail.com ESMTP e9sm7850682pgp.39 - gsmtp
CLIENT -> SERVER: EHLO fune.cf
SERVER -> CLIENT: 250-smtp.gmail.com at your service, [103.97.125.254]
250-SIZE 35882577
250-8BITMIME
250-STARTTLS
250-ENHANCEDSTATUSCODES
250-PIPELINING
250-CHUNKING
250 SMTPUTF8
CLIENT -> SERVER: STARTTLS
SERVER -> CLIENT: 220 2.0.0 Ready to start TLS
CLIENT -> SERVER: EHLO fune.cf
SERVER -> CLIENT: 250-smtp.gmail.com at your service, [103.97.125.254]
250-SIZE 35882577
250-8BITMIME
250-AUTH LOGIN PLAIN XOAUTH2 PLAIN-CLIENTTOKEN OAUTHBEARER XOAUTH
250-ENHANCEDSTATUSCODES
250-PIPELINING
250-CHUNKING
250 SMTPUTF8
CLIENT -> SERVER: AUTH LOGIN
SERVER -> CLIENT: 334 VXNlcm5hbWU6
CLIENT -> SERVER: [credentials hidden]SERVER -> CLIENT: 334 UGFzc3dvcmQ6
CLIENT -> SERVER: [credentials hidden]SERVER -> CLIENT: 235 2.7.0 Accepted
CLIENT -> SERVER: MAIL FROM:<mail.fune.cf@gmail.com>
SERVER -> CLIENT: 250 2.1.0 OK e9sm7850682pgp.39 - gsmtp
CLIENT -> SERVER: RCPT TO:<hayashiryosuke72@gmail.com>
SERVER -> CLIENT: 250 2.1.5 OK e9sm7850682pgp.39 - gsmtp
CLIENT -> SERVER: DATA
SERVER -> CLIENT: 354  Go ahead e9sm7850682pgp.39 - gsmtp
CLIENT -> SERVER: Date: Mon, 20 Dec 2021 03:42:30 +0000
CLIENT -> SERVER: To: hayashiryosuke72@gmail.com
CLIENT -> SERVER: From: FunE <mail.fune.cf@gmail.com>
CLIENT -> SERVER: Reply-To: FunE <mail.fune.cf@gmail.com>
CLIENT -> SERVER: Subject: FunE Activation
CLIENT -> SERVER: Message-ID: <14r18RkgjAETzKdQupyQWadqE2YYONbSOdBrvX9byQI@fune.cf>
CLIENT -> SERVER: X-Mailer: PHPMailer 6.5.1 (https://github.com/PHPMailer/PHPMailer)
CLIENT -> SERVER: MIME-Version: 1.0
CLIENT -> SERVER: Content-Type: multipart/alternative;
CLIENT -> SERVER:  boundary="b1_14r18RkgjAETzKdQupyQWadqE2YYONbSOdBrvX9byQI"
CLIENT -> SERVER: Content-Transfer-Encoding: 8bit
CLIENT -> SERVER: 
CLIENT -> SERVER: This is a multi-part message in MIME format.
CLIENT -> SERVER: 
CLIENT -> SERVER: --b1_14r18RkgjAETzKdQupyQWadqE2YYONbSOdBrvX9byQI
CLIENT -> SERVER: Content-Type: text/plain; charset=us-ascii
CLIENT -> SERVER: 
CLIENT -> SERVER: Dear Client,
CLIENT -> SERVER: 
CLIENT -> SERVER: Thank you for registering with FunE.
CLIENT -> SERVER: 
CLIENT -> SERVER: To activate your account, please copy and paste the link below to your browser.
CLIENT -> SERVER: 
CLIENT -> SERVER: http://fune.cf/signup/activate.php?id=0976a577d7b856c361bffba65be0f
CLIENT -> SERVER: 
CLIENT -> SERVER: Best regards
CLIENT -> SERVER: fune.cf
CLIENT -> SERVER: 
CLIENT -> SERVER: --b1_14r18RkgjAETzKdQupyQWadqE2YYONbSOdBrvX9byQI
CLIENT -> SERVER: Content-Type: text/html; charset=us-ascii
CLIENT -> SERVER: 
CLIENT -> SERVER: Dear Client,<br><br>Thank you for registering with <a href='http://fune.cf' target='_blank'>FunE</a>.<br><br>Please click on the link below to activate your account. If the page does not display, you may copy and paste the link to your browser.<br><br><a href='http://fune.cf/signup/activate.php?id=0976a577d7b856c361bffba65be0f' target='_blank'>http://fune.cf/signup/activate.php?id=0976a577d7b856c361bffba65be0f</a><br><br>Best regards<br><a href='http://fune.cf' target='_blank'>FunE</a>
CLIENT -> SERVER: 
CLIENT -> SERVER: 
CLIENT -> SERVER: --b1_14r18RkgjAETzKdQupyQWadqE2YYONbSOdBrvX9byQI--
CLIENT -> SERVER: 
CLIENT -> SERVER: .
SERVER -> CLIENT: 250 2.0.0 OK  1639971753 e9sm7850682pgp.39 - gsmtp
CLIENT -> SERVER: QUIT
SERVER -> CLIENT: 221 2.0.0 closing connection e9sm7850682pgp.39 - gsmtp
SERVER -> CLIENT: 220 smtp.gmail.com ESMTP rm1sm614984pjb.3 - gsmtp
CLIENT -> SERVER: EHLO fune.cf
SERVER -> CLIENT: 250-smtp.gmail.com at your service, [103.97.125.254]
250-SIZE 35882577
250-8BITMIME
250-STARTTLS
250-ENHANCEDSTATUSCODES
250-PIPELINING
250-CHUNKING
250 SMTPUTF8
CLIENT -> SERVER: STARTTLS
SERVER -> CLIENT: 220 2.0.0 Ready to start TLS
CLIENT -> SERVER: EHLO fune.cf
SERVER -> CLIENT: 250-smtp.gmail.com at your service, [103.97.125.254]
250-SIZE 35882577
250-8BITMIME
250-AUTH LOGIN PLAIN XOAUTH2 PLAIN-CLIENTTOKEN OAUTHBEARER XOAUTH
250-ENHANCEDSTATUSCODES
250-PIPELINING
250-CHUNKING
250 SMTPUTF8
CLIENT -> SERVER: AUTH LOGIN
SERVER -> CLIENT: 334 VXNlcm5hbWU6
CLIENT -> SERVER: [credentials hidden]SERVER -> CLIENT: 334 UGFzc3dvcmQ6
CLIENT -> SERVER: [credentials hidden]SERVER -> CLIENT: 235 2.7.0 Accepted
CLIENT -> SERVER: MAIL FROM:<mail.fune.cf@gmail.com>
SERVER -> CLIENT: 250 2.1.0 OK rm1sm614984pjb.3 - gsmtp
CLIENT -> SERVER: RCPT TO:<hayashiryosuke72@gmail.com>
SERVER -> CLIENT: 250 2.1.5 OK rm1sm614984pjb.3 - gsmtp
CLIENT -> SERVER: DATA
SERVER -> CLIENT: 354  Go ahead rm1sm614984pjb.3 - gsmtp
CLIENT -> SERVER: Date: Mon, 20 Dec 2021 03:43:32 +0000
CLIENT -> SERVER: To: hayashiryosuke72@gmail.com
CLIENT -> SERVER: From: FunE <mail.fune.cf@gmail.com>
CLIENT -> SERVER: Reply-To: FunE <mail.fune.cf@gmail.com>
CLIENT -> SERVER: Subject: FunE Activation
CLIENT -> SERVER: Message-ID: <Lf5RbfOnMSw0Ykbm85YXJ72dkxjvLHfR9Epq5PgFM@fune.cf>
CLIENT -> SERVER: X-Mailer: PHPMailer 6.5.1 (https://github.com/PHPMailer/PHPMailer)
CLIENT -> SERVER: MIME-Version: 1.0
CLIENT -> SERVER: Content-Type: multipart/alternative;
CLIENT -> SERVER:  boundary="b1_Lf5RbfOnMSw0Ykbm85YXJ72dkxjvLHfR9Epq5PgFM"
CLIENT -> SERVER: Content-Transfer-Encoding: 8bit
CLIENT -> SERVER: 
CLIENT -> SERVER: This is a multi-part message in MIME format.
CLIENT -> SERVER: 
CLIENT -> SERVER: --b1_Lf5RbfOnMSw0Ykbm85YXJ72dkxjvLHfR9Epq5PgFM
CLIENT -> SERVER: Content-Type: text/plain; charset=us-ascii
CLIENT -> SERVER: 
CLIENT -> SERVER: Dear Client,
CLIENT -> SERVER: 
CLIENT -> SERVER: Thank you for registering with FunE.
CLIENT -> SERVER: 
CLIENT -> SERVER: To activate your account, please copy and paste the link below to your browser.
CLIENT -> SERVER: 
CLIENT -> SERVER: http://fune.cf/signup/activate.php?id=0976a577d7b856c361bffba65be0f
CLIENT -> SERVER: 
CLIENT -> SERVER: Best regards
CLIENT -> SERVER: fune.cf
CLIENT -> SERVER: 
CLIENT -> SERVER: --b1_Lf5RbfOnMSw0Ykbm85YXJ72dkxjvLHfR9Epq5PgFM
CLIENT -> SERVER: Content-Type: text/html; charset=us-ascii
CLIENT -> SERVER: 
CLIENT -> SERVER: Dear Client,<br><br>Thank you for registering with <a href='http://fune.cf' target='_blank'>FunE</a>.<br><br>Please click on the link below to activate your account. If the page does not display, you may copy and paste the link to your browser.<br><br><a href='http://fune.cf/signup/activate.php?id=0976a577d7b856c361bffba65be0f' target='_blank'>http://fune.cf/signup/activate.php?id=0976a577d7b856c361bffba65be0f</a><br><br>Best regards<br><a href='http://fune.cf' target='_blank'>FunE</a>
CLIENT -> SERVER: 
CLIENT -> SERVER: 
CLIENT -> SERVER: --b1_Lf5RbfOnMSw0Ykbm85YXJ72dkxjvLHfR9Epq5PgFM--
CLIENT -> SERVER: 
CLIENT -> SERVER: .
SERVER -> CLIENT: 250 2.0.0 OK  1639971817 rm1sm614984pjb.3 - gsmtp
CLIENT -> SERVER: QUIT
SERVER -> CLIENT: 221 2.0.0 closing connection rm1sm614984pjb.3 - gsmtp
SERVER -> CLIENT: 220 smtp.gmail.com ESMTP g6sm17239pfj.156 - gsmtp
CLIENT -> SERVER: EHLO fune.cf
SERVER -> CLIENT: 250-smtp.gmail.com at your service, [103.97.125.254]
250-SIZE 35882577
250-8BITMIME
250-STARTTLS
250-ENHANCEDSTATUSCODES
250-PIPELINING
250-CHUNKING
250 SMTPUTF8
CLIENT -> SERVER: STARTTLS
SERVER -> CLIENT: 220 2.0.0 Ready to start TLS
CLIENT -> SERVER: EHLO fune.cf
SERVER -> CLIENT: 250-smtp.gmail.com at your service, [103.97.125.254]
250-SIZE 35882577
250-8BITMIME
250-AUTH LOGIN PLAIN XOAUTH2 PLAIN-CLIENTTOKEN OAUTHBEARER XOAUTH
250-ENHANCEDSTATUSCODES
250-PIPELINING
250-CHUNKING
250 SMTPUTF8
CLIENT -> SERVER: AUTH LOGIN
SERVER -> CLIENT: 334 VXNlcm5hbWU6
CLIENT -> SERVER: [credentials hidden]SERVER -> CLIENT: 334 UGFzc3dvcmQ6
CLIENT -> SERVER: [credentials hidden]SERVER -> CLIENT: 235 2.7.0 Accepted
CLIENT -> SERVER: MAIL FROM:<mail.fune.cf@gmail.com>
SERVER -> CLIENT: 250 2.1.0 OK g6sm17239pfj.156 - gsmtp
CLIENT -> SERVER: RCPT TO:<hayashiryosuke72@gmail.com>
SERVER -> CLIENT: 250 2.1.5 OK g6sm17239pfj.156 - gsmtp
CLIENT -> SERVER: DATA
SERVER -> CLIENT: 354  Go ahead g6sm17239pfj.156 - gsmtp
CLIENT -> SERVER: Date: Mon, 20 Dec 2021 03:43:49 +0000
CLIENT -> SERVER: To: hayashiryosuke72@gmail.com
CLIENT -> SERVER: From: FunE <mail.fune.cf@gmail.com>
CLIENT -> SERVER: Reply-To: FunE <mail.fune.cf@gmail.com>
CLIENT -> SERVER: Subject: FunE Activation
CLIENT -> SERVER: Message-ID: <3aCSksa4uHUFMvHfKT6SY85fT3GECFA6vK6SHpQEs@fune.cf>
CLIENT -> SERVER: X-Mailer: PHPMailer 6.5.1 (https://github.com/PHPMailer/PHPMailer)
CLIENT -> SERVER: MIME-Version: 1.0
CLIENT -> SERVER: Content-Type: multipart/alternative;
CLIENT -> SERVER:  boundary="b1_3aCSksa4uHUFMvHfKT6SY85fT3GECFA6vK6SHpQEs"
CLIENT -> SERVER: Content-Transfer-Encoding: 8bit
CLIENT -> SERVER: 
CLIENT -> SERVER: This is a multi-part message in MIME format.
CLIENT -> SERVER: 
CLIENT -> SERVER: --b1_3aCSksa4uHUFMvHfKT6SY85fT3GECFA6vK6SHpQEs
CLIENT -> SERVER: Content-Type: text/plain; charset=us-ascii
CLIENT -> SERVER: 
CLIENT -> SERVER: Dear Client,
CLIENT -> SERVER: 
CLIENT -> SERVER: Thank you for registering with FunE.
CLIENT -> SERVER: 
CLIENT -> SERVER: To activate your account, please copy and paste the link below to your browser.
CLIENT -> SERVER: 
CLIENT -> SERVER: http://fune.cf/signup/activate.php?id=0976a577d7b856c361bffba65be0f
CLIENT -> SERVER: 
CLIENT -> SERVER: Best regards
CLIENT -> SERVER: fune.cf
CLIENT -> SERVER: 
CLIENT -> SERVER: --b1_3aCSksa4uHUFMvHfKT6SY85fT3GECFA6vK6SHpQEs
CLIENT -> SERVER: Content-Type: text/html; charset=us-ascii
CLIENT -> SERVER: 
CLIENT -> SERVER: Dear Client,<br><br>Thank you for registering with <a href='http://fune.cf' target='_blank'>FunE</a>.<br><br>Please click on the link below to activate your account. If the page does not display, you may copy and paste the link to your browser.<br><br><a href='http://fune.cf/signup/activate.php?id=0976a577d7b856c361bffba65be0f' target='_blank'>http://fune.cf/signup/activate.php?id=0976a577d7b856c361bffba65be0f</a><br><br>Best regards<br><a href='http://fune.cf' target='_blank'>FunE</a>
CLIENT -> SERVER: 
CLIENT -> SERVER: 
CLIENT -> SERVER: --b1_3aCSksa4uHUFMvHfKT6SY85fT3GECFA6vK6SHpQEs--
CLIENT -> SERVER: 
CLIENT -> SERVER: .
SERVER -> CLIENT: 250 2.0.0 OK  1639971832 g6sm17239pfj.156 - gsmtp
CLIENT -> SERVER: QUIT
SERVER -> CLIENT: 221 2.0.0 closing connection g6sm17239pfj.156 - gsmtp
SMTP ERROR: Failed to connect to server: Network is unreachable (101)SMTP connect() failed. https://github.com/PHPMailer/PHPMailer/wiki/TroubleshootingSMTP ERROR: Failed to connect to server: Network is unreachable (101)SMTP connect() failed. https://github.com/PHPMailer/PHPMailer/wiki/TroubleshootingSMTP ERROR: Failed to connect to server: Network is unreachable (101)SMTP connect() failed. https://github.com/PHPMailer/PHPMailer/wiki/TroubleshootingSMTP ERROR: Failed to connect to server: Network is unreachable (101)SMTP connect() failed. https://github.com/PHPMailer/PHPMailer/wiki/TroubleshootingSMTP ERROR: Failed to connect to server: Network is unreachable (101)SMTP connect() failed. https://github.com/PHPMailer/PHPMailer/wiki/TroubleshootingSMTP ERROR: Failed to connect to server: Network is unreachable (101)SMTP connect() failed. https://github.com/PHPMailer/PHPMailer/wiki/TroubleshootingSERVER -> CLIENT: 220 smtp.gmail.com ESMTP z14sm8673356pfh.60 - gsmtp
CLIENT -> SERVER: EHLO fune.cf
SERVER -> CLIENT: 250-smtp.gmail.com at your service, [103.97.125.254]
250-SIZE 35882577
250-8BITMIME
250-STARTTLS
250-ENHANCEDSTATUSCODES
250-PIPELINING
250-CHUNKING
250 SMTPUTF8
CLIENT -> SERVER: STARTTLS
SERVER -> CLIENT: 220 2.0.0 Ready to start TLS
CLIENT -> SERVER: EHLO fune.cf
SERVER -> CLIENT: 250-smtp.gmail.com at your service, [103.97.125.254]
250-SIZE 35882577
250-8BITMIME
250-AUTH LOGIN PLAIN XOAUTH2 PLAIN-CLIENTTOKEN OAUTHBEARER XOAUTH
250-ENHANCEDSTATUSCODES
250-PIPELINING
250-CHUNKING
250 SMTPUTF8
CLIENT -> SERVER: AUTH LOGIN
SERVER -> CLIENT: 334 VXNlcm5hbWU6
CLIENT -> SERVER: [credentials hidden]SERVER -> CLIENT: 334 UGFzc3dvcmQ6
CLIENT -> SERVER: [credentials hidden]SERVER -> CLIENT: 235 2.7.0 Accepted
CLIENT -> SERVER: MAIL FROM:<mail.fune.cf@gmail.com>
SERVER -> CLIENT: 250 2.1.0 OK z14sm8673356pfh.60 - gsmtp
CLIENT -> SERVER: RCPT TO:<ninhtich52@gmail.com>
SERVER -> CLIENT: 250 2.1.5 OK z14sm8673356pfh.60 - gsmtp
CLIENT -> SERVER: DATA
SERVER -> CLIENT: 354  Go ahead z14sm8673356pfh.60 - gsmtp
CLIENT -> SERVER: Date: Fri, 24 Dec 2021 08:06:30 +0000
CLIENT -> SERVER: To: ninhtich52@gmail.com
CLIENT -> SERVER: From: FunE <mail.fune.cf@gmail.com>
CLIENT -> SERVER: Reply-To: FunE <mail.fune.cf@gmail.com>
CLIENT -> SERVER: Subject: FunE Activation
CLIENT -> SERVER: Message-ID: <2wda8zoKrsNXXifH0ttv5Gy9XBnvnzdSFWPxc0ONcM@fune.cf>
CLIENT -> SERVER: X-Mailer: PHPMailer 6.5.1 (https://github.com/PHPMailer/PHPMailer)
CLIENT -> SERVER: MIME-Version: 1.0
CLIENT -> SERVER: Content-Type: multipart/alternative;
CLIENT -> SERVER:  boundary="b1_2wda8zoKrsNXXifH0ttv5Gy9XBnvnzdSFWPxc0ONcM"
CLIENT -> SERVER: Content-Transfer-Encoding: 8bit
CLIENT -> SERVER: 
CLIENT -> SERVER: This is a multi-part message in MIME format.
CLIENT -> SERVER: 
CLIENT -> SERVER: --b1_2wda8zoKrsNXXifH0ttv5Gy9XBnvnzdSFWPxc0ONcM
CLIENT -> SERVER: Content-Type: text/plain; charset=us-ascii
CLIENT -> SERVER: 
CLIENT -> SERVER: Dear Client,
CLIENT -> SERVER: 
CLIENT -> SERVER: Thank you for registering with FunE.
CLIENT -> SERVER: 
CLIENT -> SERVER: To activate your account, please copy and paste the link below to your browser.
CLIENT -> SERVER: 
CLIENT -> SERVER: http://fune.cf/signup/activate.php?id=f6a8a44bf06d85b261c57f85f1d86
CLIENT -> SERVER: 
CLIENT -> SERVER: Best regards
CLIENT -> SERVER: fune.cf
CLIENT -> SERVER: 
CLIENT -> SERVER: --b1_2wda8zoKrsNXXifH0ttv5Gy9XBnvnzdSFWPxc0ONcM
CLIENT -> SERVER: Content-Type: text/html; charset=us-ascii
CLIENT -> SERVER: 
CLIENT -> SERVER: Dear Client,<br><br>Thank you for registering with <a href='http://fune.cf' target='_blank'>FunE</a>.<br><br>Please click on the link below to activate your account. If the page does not display, you may copy and paste the link to your browser.<br><br><a href='http://fune.cf/signup/activate.php?id=f6a8a44bf06d85b261c57f85f1d86' target='_blank'>http://fune.cf/signup/activate.php?id=f6a8a44bf06d85b261c57f85f1d86</a><br><br>Best regards<br><a href='http://fune.cf' target='_blank'>FunE</a>
CLIENT -> SERVER: 
CLIENT -> SERVER: 
CLIENT -> SERVER: --b1_2wda8zoKrsNXXifH0ttv5Gy9XBnvnzdSFWPxc0ONcM--
CLIENT -> SERVER: 
CLIENT -> SERVER: .
SERVER -> CLIENT: 250 2.0.0 OK  1640333193 z14sm8673356pfh.60 - gsmtp
CLIENT -> SERVER: QUIT
SERVER -> CLIENT: 221 2.0.0 closing connection z14sm8673356pfh.60 - gsmtp
SERVER -> CLIENT: 220 smtp.gmail.com ESMTP d2e1a72fcca58-70242ae8a52sm1612270b3a.126 - gsmtp
CLIENT -> SERVER: EHLO funecf
SERVER -> CLIENT: 250-smtp.gmail.com at your service, [2405:4802:1c80:2540:4d:1a7f:7e65:ef38]
250-SIZE 35882577
250-8BITMIME
250-STARTTLS
250-ENHANCEDSTATUSCODES
250-PIPELINING
250-CHUNKING
250 SMTPUTF8
CLIENT -> SERVER: STARTTLS
SERVER -> CLIENT: 220 2.0.0 Ready to start TLS
CLIENT -> SERVER: EHLO funecf
SERVER -> CLIENT: 250-smtp.gmail.com at your service, [2405:4802:1c80:2540:4d:1a7f:7e65:ef38]
250-SIZE 35882577
250-8BITMIME
250-AUTH LOGIN PLAIN XOAUTH2 PLAIN-CLIENTTOKEN OAUTHBEARER XOAUTH
250-ENHANCEDSTATUSCODES
250-PIPELINING
250-CHUNKING
250 SMTPUTF8
CLIENT -> SERVER: AUTH LOGIN
SERVER -> CLIENT: 334 VXNlcm5hbWU6
CLIENT -> SERVER: [credentials hidden]SERVER -> CLIENT: 334 UGFzc3dvcmQ6
CLIENT -> SERVER: [credentials hidden]SERVER -> CLIENT: 535-5.7.8 Username and Password not accepted. For more information, go to
535 5.7.8  https://support.google.com/mail/?p=BadCredentials d2e1a72fcca58-70242ae8a52sm1612270b3a.126 - gsmtp
SMTP ERROR: Password command failed: 535-5.7.8 Username and Password not accepted. For more information, go to
535 5.7.8  https://support.google.com/mail/?p=BadCredentials d2e1a72fcca58-70242ae8a52sm1612270b3a.126 - gsmtp
SMTP Error: Could not authenticate.CLIENT -> SERVER: QUIT
SERVER -> CLIENT: 221 2.0.0 closing connection d2e1a72fcca58-70242ae8a52sm1612270b3a.126 - gsmtp
SMTP Error: Could not authenticate.SERVER -> CLIENT: 220 smtp.gmail.com ESMTP 98e67ed59e1d1-2c1c27ad161sm1728593a91.8 - gsmtp
CLIENT -> SERVER: EHLO funecf
SERVER -> CLIENT: 250-smtp.gmail.com at your service, [2405:4802:1c80:2540:4d:1a7f:7e65:ef38]
250-SIZE 35882577
250-8BITMIME
250-STARTTLS
250-ENHANCEDSTATUSCODES
250-PIPELINING
250-CHUNKING
250 SMTPUTF8
CLIENT -> SERVER: STARTTLS
SERVER -> CLIENT: 220 2.0.0 Ready to start TLS
CLIENT -> SERVER: EHLO funecf
SERVER -> CLIENT: 250-smtp.gmail.com at your service, [2405:4802:1c80:2540:4d:1a7f:7e65:ef38]
250-SIZE 35882577
250-8BITMIME
250-AUTH LOGIN PLAIN XOAUTH2 PLAIN-CLIENTTOKEN OAUTHBEARER XOAUTH
250-ENHANCEDSTATUSCODES
250-PIPELINING
250-CHUNKING
250 SMTPUTF8
CLIENT -> SERVER: AUTH LOGIN
SERVER -> CLIENT: 334 VXNlcm5hbWU6
CLIENT -> SERVER: [credentials hidden]SERVER -> CLIENT: 334 UGFzc3dvcmQ6
CLIENT -> SERVER: [credentials hidden]SERVER -> CLIENT: 535-5.7.8 Username and Password not accepted. For more information, go to
535 5.7.8  https://support.google.com/mail/?p=BadCredentials 98e67ed59e1d1-2c1c27ad161sm1728593a91.8 - gsmtp
SMTP ERROR: Password command failed: 535-5.7.8 Username and Password not accepted. For more information, go to
535 5.7.8  https://support.google.com/mail/?p=BadCredentials 98e67ed59e1d1-2c1c27ad161sm1728593a91.8 - gsmtp
SMTP Error: Could not authenticate.CLIENT -> SERVER: QUIT
SERVER -> CLIENT: 221 2.0.0 closing connection 98e67ed59e1d1-2c1c27ad161sm1728593a91.8 - gsmtp
SMTP Error: Could not authenticate.SERVER -> CLIENT: 220 smtp.gmail.com ESMTP d2e1a72fcca58-702423dc17bsm1618412b3a.55 - gsmtp
CLIENT -> SERVER: EHLO funecf
SERVER -> CLIENT: 250-smtp.gmail.com at your service, [2405:4802:1c80:2540:4d:1a7f:7e65:ef38]
250-SIZE 35882577
250-8BITMIME
250-STARTTLS
250-ENHANCEDSTATUSCODES
250-PIPELINING
250-CHUNKING
250 SMTPUTF8
CLIENT -> SERVER: STARTTLS
SERVER -> CLIENT: 220 2.0.0 Ready to start TLS
CLIENT -> SERVER: EHLO funecf
SERVER -> CLIENT: 250-smtp.gmail.com at your service, [2405:4802:1c80:2540:4d:1a7f:7e65:ef38]
250-SIZE 35882577
250-8BITMIME
250-AUTH LOGIN PLAIN XOAUTH2 PLAIN-CLIENTTOKEN OAUTHBEARER XOAUTH
250-ENHANCEDSTATUSCODES
250-PIPELINING
250-CHUNKING
250 SMTPUTF8
CLIENT -> SERVER: AUTH LOGIN
SERVER -> CLIENT: 334 VXNlcm5hbWU6
CLIENT -> SERVER: [credentials hidden]SERVER -> CLIENT: 334 UGFzc3dvcmQ6
CLIENT -> SERVER: [credentials hidden]SERVER -> CLIENT: 535-5.7.8 Username and Password not accepted. For more information, go to
535 5.7.8  https://support.google.com/mail/?p=BadCredentials d2e1a72fcca58-702423dc17bsm1618412b3a.55 - gsmtp
SMTP ERROR: Password command failed: 535-5.7.8 Username and Password not accepted. For more information, go to
535 5.7.8  https://support.google.com/mail/?p=BadCredentials d2e1a72fcca58-702423dc17bsm1618412b3a.55 - gsmtp
SMTP Error: Could not authenticate.CLIENT -> SERVER: QUIT
SERVER -> CLIENT: 221 2.0.0 closing connection d2e1a72fcca58-702423dc17bsm1618412b3a.55 - gsmtp
SMTP Error: Could not authenticate.